[33m>[39m Building...
[32m√[39m Building...
Application bundle generation failed. [10.031 seconds] - 2026-04-27T07:13:14.423Z

Watch mode enabled. Watching for file changes...
[33m>[39m Changes detected. Rebuilding...
[32m√[39m Changes detected. Rebuilding...
Application bundle generation failed. [10.243 seconds] - 2026-04-27T07:17:23.024Z

[33m>[39m Changes detected. Rebuilding...
[32m√[39m Changes detected. Rebuilding...
Application bundle generation failed. [7.113 seconds] - 2026-04-27T07:18:15.193Z

[33m>[39m Changes detected. Rebuilding...
[32m√[39m Changes detected. Rebuilding...
Application bundle generation failed. [0.002 seconds] - 2026-04-27T07:20:19.370Z

[33m>[39m Changes detected. Rebuilding...
[32m√[39m Changes detected. Rebuilding...
Application bundle generation failed. [4.994 seconds] - 2026-04-27T07:21:26.566Z

[33m>[39m Changes detected. Rebuilding...
[32m√[39m Changes detected. Rebuilding...
Application bundle generation failed. [14.251 seconds] - 2026-04-27T07:32:59.516Z

[33m>[39m Changes detected. Rebuilding...
[32m√[39m Changes detected. Rebuilding...
Application bundle generation failed. [3.553 seconds] - 2026-04-27T07:33:03.338Z

